<?xml version="1.0" encoding="UTF-8"?>
<!-- Generated by org.testng.reporters.JUnitReportReporter -->
<testsuite skipped="0" hostname="DESKTOP-9BP3NO9" name="com.testNG.annotation.Test.Customertest" tests="3" failures="0" timestamp="11 Jul 2019 07:05:34 GMT" time="0.019" errors="0">
  <testcase name="deletecustometTest" time="0.002" classname="com.testNG.annotation.Test.Customertest"/>
  <testcase name="modifycustometest" time="0.005" classname="com.testNG.annotation.Test.Customertest"/>
  <testcase name="customerTest" time="0.012" classname="com.testNG.annotation.Test.Customertest"/>
</testsuite> <!-- com.testNG.annotation.Test.Customertest -->
