<?xml version="1.0" encoding="UTF-8"?>
<!-- Generated by org.testng.reporters.JUnitReportReporter -->
<testsuite skipped="0" hostname="DESKTOP-9BP3NO9" name="testNg.Annotation" tests="3" failures="0" timestamp="11 Jul 2019 06:58:00 GMT" time="0.013" errors="0">
  <testcase name="createcustomerTest" time="0.005" classname="testNg.Annotation"/>
  <testcase name="modifycustomerTest" time="0.004" classname="testNg.Annotation"/>
  <testcase name="deletecustomerTest" time="0.004" classname="testNg.Annotation"/>
</testsuite> <!-- testNg.Annotation -->
